#
# A fatal error has been detected by the Java Runtime Environment:
#
#  EXCEPTION_ACCESS_VIOLATION (0xc0000005) at pc=0x00007ff80d59b5df, pid=6252, tid=1408
#
# JRE version: OpenJDK Runtime Environment (22.0.2+9) (build 22.0.2+9-70)
# Java VM: OpenJDK 64-Bit Server VM (22.0.2+9-70, mixed mode, emulated-client, sharing, tiered, compressed oops, compressed class ptrs, g1 gc, windows-amd64)
# Problematic frame:
# C  [imgui-java64.dll+0x8b5df]
#
# No core dump will be written. Minidumps are not enabled by default on client versions of Windows
#
# If you would like to submit a bug report, please visit:
#   https://bugreport.java.com/bugreport/crash.jsp
# The crash happened outside the Java Virtual Machine in native code.
# See problematic frame for where to report the bug.
#

---------------  S U M M A R Y ------------

Command Line: -XX:TieredStopAtLevel=1 -Dspring.output.ansi.enabled=always -Dcom.sun.management.jmxremote -Dspring.jmx.enabled=true -Dspring.liveBeansView.mbeanDomain -Dspring.application.admin.enabled=true -Dmanagement.endpoints.jmx.exposure.include=* -javaagent:C:\Program Files\JetBrains\IntelliJ IDEA 2024.1.4\lib\idea_rt.jar=55930:C:\Program Files\JetBrains\IntelliJ IDEA 2024.1.4\bin -Dfile.encoding=UTF-8 -Dsun.stdout.encoding=UTF-8 -Dsun.stderr.encoding=UTF-8 com.pine.PineEngineApplication

Host: AMD Ryzen 5 3600X 6-Core Processor             , 12 cores, 31G,  Windows 11 , 64 bit Build 22621 (10.0.22621.2506)
Time: Sun Sep  1 15:43:18 2024 E. South America Standard Time elapsed time: 2.997394 seconds (0d 0h 0m 2s)

---------------  T H R E A D  ---------------

Current thread (0x000001b5e65505b0):  JavaThread "Thread-3"         [_thread_in_native, id=1408, stack(0x00000075a6a00000,0x00000075a6b00000) (1024K)]

Stack: [0x00000075a6a00000,0x00000075a6b00000],  sp=0x00000075a6aff400,  free space=1021k
Native frames: (J=compiled Java code, j=interpreted, Vv=VM code, C=native code)
C  [imgui-java64.dll+0x8b5df]  (no source info available)
C  0x000001b58f7a338a  (no source info available)

The last pc belongs to native nmethod (printed below).
Java frames: (J=compiled Java code, j=interpreted, Vv=VM code)
J 3682  imgui.ImDrawData.getCmdListCmdBufferSize(I)I (0 bytes) @ 0x000001b58f7a32f3 [0x000001b58f7a32a0+0x0000000000000053]
j  com.pine.app.core.window.gl3.ImGuiImplGl3.renderDrawData(Limgui/ImDrawData;)V+171
j  com.pine.app.core.window.AbstractWindow.render()V+31
j  com.pine.app.core.service.WindowService.lambda$openWindow$1(Lcom/pine/app/core/window/AbstractWindow;Ljava/util/Map;Ljava/lang/String;)V+21
j  com.pine.app.core.service.WindowService$$Lambda+0x000001b5a12df4a8.run()V+12
j  java.lang.Thread.runWith(Ljava/lang/Object;Ljava/lang/Runnable;)V+5 java.base@22.0.2
j  java.lang.Thread.run()V+19 java.base@22.0.2
v  ~StubRoutines::call_stub 0x000001b58f3e100d

siginfo: EXCEPTION_ACCESS_VIOLATION (0xc0000005), reading address 0x0000000000000000


Registers:
RAX=0x0000000000000000, RBX=0x0000000000000000, RCX=0x000001b5e6550970, RDX=0x00000075a6aff460
RSP=0x00000075a6aff400, RBP=0x00000075a6aff4a0, RSI=0x000001b5eedfa720, RDI=0x00000000000088e0
R8 =0x0000000000000042, R9 =0x000000061fa66710, R10=0x00007ff80fec2210, R11=0x0000000000000014
R12=0x000001b5e6550970, R13=0x00000075a6aff460, R14=0x00000075a6aff5b0, R15=0x000001b5e65505b0
RIP=0x00007ff80d59b5df, EFLAGS=0x0000000000010246


Register to memory mapping:

RAX=0x0 is null
RBX=0x0 is null
RCX=0x000001b5e6550970 points into unknown readable memory: 0x000001b5e67c2be0 | e0 2b 7c e6 b5 01 00 00
RDX=0x00000075a6aff460 is pointing into the stack for thread: 0x000001b5e65505b0
RSP=0x00000075a6aff400 is pointing into the stack for thread: 0x000001b5e65505b0
RBP=0x00000075a6aff4a0 is pointing into the stack for thread: 0x000001b5e65505b0
RSI=0x000001b5eedfa720 points into unknown readable memory: 0x0000000200010000 | 00 00 01 00 02 00 00 00
RDI=0x00000000000088e0 is an unknown value
R8 =0x0000000000000042 is an unknown value
R9 =0x000000061fa66710 is an oop: imgui.ImDrawData 
{0x000000061fa66710} - klass: 'imgui/ImDrawData'
 - ---- fields (total size 3 words):
 - public 'ptr' 'J' @16  1879582820432 (0x000001b59fddc850)
R10=0x00007ff80fec2210 jvm.dll
R11=0x0000000000000014 is an unknown value
R12=0x000001b5e6550970 points into unknown readable memory: 0x000001b5e67c2be0 | e0 2b 7c e6 b5 01 00 00
R13=0x00000075a6aff460 is pointing into the stack for thread: 0x000001b5e65505b0
R14=0x00000075a6aff5b0 is pointing into the stack for thread: 0x000001b5e65505b0
R15=0x000001b5e65505b0 is a thread

Top of Stack: (sp=0x00000075a6aff400)
0x00000075a6aff400:   0000000000000000 00000075a6aff430
0x00000075a6aff410:   00000075a6aff498 00000006029e2ce8
0x00000075a6aff420:   000001b5e2299ec8 0000000000000000
0x00000075a6aff430:   00000075a6aff4b0 000001b58f7a338a
0x00000075a6aff440:   00000000000010aa 00000006029e2ce8
0x00000075a6aff450:   fffffffffffffff7 000001b5e229a449
0x00000075a6aff460:   000000061fa66710 000001b5e229b968
0x00000075a6aff470:   0000000000000000 000000061fa66538
0x00000075a6aff480:   000001b5e229a488 0000000000000000
0x00000075a6aff490:   00000075a6aff4b0 00000075a6aff510
0x00000075a6aff4a0:   00000075a6aff510 000001b58f3e88da
0x00000075a6aff4b0:   0000000000000000 000000061fa66710
0x00000075a6aff4c0:   0000000000000000 fffffffffffffff7
0x00000075a6aff4d0:   000001b5e1f7cd33 0000000000000014
0x00000075a6aff4e0:   000001b5e1f7fb80 0000000000000000
0x00000075a6aff4f0:   000000060316b9f8 000001b5e1f7cf40
0x00000075a6aff500:   fffffffffffffff4 00000075a6aff5a8
0x00000075a6aff510:   00000075a6aff600 000001b58f3e8792
0x00000075a6aff520:   0000000000000000 0000000000000000
0x00000075a6aff530:   0000000000000000 0000000000000000
0x00000075a6aff540:   0000000000000000 0000000000000000
0x00000075a6aff550:   0000000000000000 0000000000000000
0x00000075a6aff560:   0000000000000000 0000000000000000
0x00000075a6aff570:   0000000000000000 000000000000021c
0x00000075a6aff580:   00000000000003c0 000000003f800000
0x00000075a6aff590:   000000003f800000 0000000000000000
0x00000075a6aff5a0:   0000000000000000 000000061fa66710
0x00000075a6aff5b0:   0000000602f6ad08 fffffffffffffff7
0x00000075a6aff5c0:   000001b5e1db648f 0000000000000004
0x00000075a6aff5d0:   000001b5e1f69ba8 0000000000000000
0x00000075a6aff5e0:   00000006030140a8 000001b5e1db64e0
0x00000075a6aff5f0:   fffffffffffffff5 00000075a6aff620 

Instructions: (pc=0x00007ff80d59b5df)
0x00007ff80d59b4df:   00 00 f3 41 0f 5c 84 24 98 00 00 00 f3 41 0f 5c
0x00007ff80d59b4ef:   8c 24 94 00 00 00 f3 41 0f 58 44 24 7c f3 41 0f
0x00007ff80d59b4ff:   58 4c 24 78 f3 0f 58 d0 f3 0f 58 d9 f3 0f 11 8c
0x00007ff80d59b50f:   24 80 01 00 00 f3 0f 11 84 24 84 01 00 00 f3 0f
0x00007ff80d59b51f:   11 9c 24 88 01 00 00 f3 0f 11 94 24 8c 01 00 00
0x00007ff80d59b52f:   e9 a4 da ff ff f3 0f 10 b8 0c 02 00 00 f3 0f 10
0x00007ff80d59b53f:   a8 08 02 00 00 f3 0f 5c b8 98 00 00 00 f3 0f 5c
0x00007ff80d59b54f:   a8 94 00 00 00 f3 0f 58 78 7c f3 0f 58 68 78 f3
0x00007ff80d59b55f:   0f 10 60 6c f3 0f 10 40 68 f3 0f 58 e7 f3 0f 58
0x00007ff80d59b56f:   c5 e9 d0 db ff ff 41 b8 a5 42 00 00 48 8d 15 5e
0x00007ff80d59b57f:   7a 3f 00 48 8d 0d 38 7b 3f 00 ff 15 d9 a0 cc 00
0x00007ff80d59b58f:   e9 0e ff ff ff 48 8b 8b f0 1c 00 00 31 d2 e9 af
0x00007ff80d59b59f:   f9 ff ff 90 90 90 90 90 90 90 90 90 90 90 90 90
0x00007ff80d59b5af:   90 41 55 41 54 53 48 83 ec 20 49 89 cc 49 63 d8
0x00007ff80d59b5bf:   49 89 d5 e8 39 94 13 00 4d 8b 0c 24 4c 89 ea 4c
0x00007ff80d59b5cf:   89 e1 49 89 c0 41 ff 91 28 03 00 00 48 8b 40 10
0x00007ff80d59b5df:   48 8b 04 d8 8b 00 48 83 c4 20 5b 41 5c 41 5d c3
0x00007ff80d59b5ef:   90 41 55 41 54 56 53 48 83 ec 28 49 89 cc 49 63
0x00007ff80d59b5ff:   f0 49 89 d5 49 63 d9 e8 f5 93 13 00 4d 8b 0c 24
0x00007ff80d59b60f:   4c 89 ea 4c 89 e1 49 89 c0 41 ff 91 28 03 00 00
0x00007ff80d59b61f:   48 8b 40 10 48 8b 34 f0 85 db 78 35 3b 1e 7c 0d
0x00007ff80d59b62f:   e8 6c 93 13 00 84 c0 75 50 3b 1e 7d 2d 48 8b 56
0x00007ff80d59b63f:   08 48 8d 04 dd 00 00 00 00 48 29 d8 48 8d 04 c2
0x00007ff80d59b64f:   8b 40 20 48 83 c4 28 5b 5e 41 5c 41 5d c3 0f 1f
0x00007ff80d59b65f:   00 e8 3b 93 13 00 84 c0 75 1f 41 b8 06 07 00 00
0x00007ff80d59b66f:   48 8d 15 ca f5 3f 00 48 8d 0d cd f5 3f 00 ff 15
0x00007ff80d59b67f:   e5 9f cc 00 eb b7 0f 1f 00 4c 8d 05 b1 f5 3f 00
0x00007ff80d59b68f:   ba 06 07 00 00 48 8d 0d af f5 3f 00 e8 20 92 13
0x00007ff80d59b69f:   00 eb 9a 66 66 2e 0f 1f 84 00 00 00 00 00 0f 1f
0x00007ff80d59b6af:   00 41 55 41 54 57 56 53 48 83 ec 20 48 8b 7c 24
0x00007ff80d59b6bf:   70 49 89 cc 49 63 f0 49 89 d5 49 63 d9 e8 2f 93
0x00007ff80d59b6cf:   13 00 4d 8b 0c 24 4c 89 ea 4c 89 e1 49 89 c0 41 


Stack slot to memory mapping:

stack at sp + 0 slots: 0x0 is null
stack at sp + 1 slots: 0x00000075a6aff430 is pointing into the stack for thread: 0x000001b5e65505b0
stack at sp + 2 slots: 0x00000075a6aff498 is pointing into the stack for thread: 0x000001b5e65505b0
stack at sp + 3 slots: 0x00000006029e2ce8 is an oop: java.nio.DirectByteBuffer 
{0x00000006029e2ce8} - klass: 'java/nio/DirectByteBuffer'
 - ---- fields (total size 8 words):
 - private 'mark' 'I' @12  -1 (0xffffffff)
 - 'address' 'J' @16  1880908343072 (0x000001b5eedfa720)
 - private 'position' 'I' @24  0 (0x00000000)
 - private 'limit' 'I' @28  654 (0x0000028e)
 - private final 'capacity' 'I' @32  32800 (0x00008020)
 - final 'segment' 'Ljava/lang/foreign/MemorySegment;' @36  null (0x00000000)
 - final 'offset' 'I' @40  0 (0x00000000)
 - 'isReadOnly' 'Z' @44  false (0x00)
 - 'bigEndian' 'Z' @45  false (0x00)
 - 'nativeByteOrder' 'Z' @46  true (0x01)
 - final 'hb' '[B' @48  null (0x00000000)
 - private final 'isSync' 'Z' @47  false (0x00)
 - private final 'fd' 'Ljava/io/FileDescriptor;' @52  null (0x00000000)
 - private final 'att' 'Ljava/lang/Object;' @56  null (0x00000000)
 - private final 'cleaner' 'Ljdk/internal/ref/Cleaner;' @60  a 'jdk/internal/ref/Cleaner'{0x00000006029e2d48} (0xc053c5a9)
stack at sp + 4 slots: {method} {0x000001b5e2299ed0} 'getCmdListCmdBufferSize' '(I)I' in 'imgui/ImDrawData'
stack at sp + 5 slots: 0x0 is null
stack at sp + 6 slots: 0x00000075a6aff4b0 is pointing into the stack for thread: 0x000001b5e65505b0
stack at sp + 7 slots: 0x000001b58f7a338a is at entry_point+234 in (nmethod*)0x000001b58f7a3110
Compiled method (n/a) 3075 3682     n 0       imgui.ImDrawData::getCmdListCmdBufferSize (native)
 total in heap  [0x000001b58f7a3110,0x000001b58f7a34d0] = 960
 relocation     [0x000001b58f7a3268,0x000001b58f7a3298] = 48
 main code      [0x000001b58f7a32a0,0x000001b58f7a34c6] = 550
 stub code      [0x000001b58f7a34c6,0x000001b58f7a34c8] = 2
 oops           [0x000001b58f7a34c8,0x000001b58f7a34d0] = 8


Compiled method (n/a) 3076 3682     n 0       imgui.ImDrawData::getCmdListCmdBufferSize (native)
 total in heap  [0x000001b58f7a3110,0x000001b58f7a34d0] = 960
 relocation     [0x000001b58f7a3268,0x000001b58f7a3298] = 48
 main code      [0x000001b58f7a32a0,0x000001b58f7a34c6] = 550
 stub code      [0x000001b58f7a34c6,0x000001b58f7a34c8] = 2
 oops           [0x000001b58f7a34c8,0x000001b58f7a34d0] = 8

[Constant Pool (empty)]

[MachCode]
[Entry Point]
  # {method} {0x000001b5e2299ed0} 'getCmdListCmdBufferSize' '(I)I' in 'imgui/ImDrawData'
  # this:     rdx:rdx   = 'imgui/ImDrawData'
  # parm0:    r8        = int
  #           [sp+0x70]  (sp of caller)
  0x000001b58f7a32a0: 448b 5208 | 49bb 0000 | 00a0 b501 | 0000 4d03 | d349 3bc2 | 0f84 0600 

  0x000001b58f7a32b8: ;   {runtime_call ic_miss_stub}
  0x000001b58f7a32b8: 0000 e9c1 | b4c8 ff90 
[Verified Entry Point]
  0x000001b58f7a32c0: 8984 2400 | 80ff ff55 | 488b ec48 | 83ec 6090 | 4181 7f20 | 0300 0000 

  0x000001b58f7a32d8: ;   {runtime_call StubRoutines (final stubs)}
  0x000001b58f7a32d8: 7405 e801 | 1ac7 ff48 | 8954 2420 | 4883 fa00 | 488d 5424 | 2048 0f44 | 5424 20c5 

  0x000001b58f7a32f4: ;   {internal_word}
  0x000001b58f7a32f4: f877 49ba | f332 7a8f | b501 0000 | 4d89 97a8 | 0300 0049 | 89a7 a003 

  0x000001b58f7a330c: ;   {external_word}
  0x000001b58f7a330c: 0000 49ba | 6c40 e90f | f87f 0000 | 4180 3a00 | 0f84 4a00 | 0000 5241 

  0x000001b58f7a3324: ;   {metadata({method} {0x000001b5e2299ed0} 'getCmdListCmdBufferSize' '(I)I' in 'imgui/ImDrawData')}
  0x000001b58f7a3324: 5048 bac8 | 9e29 e2b5 | 0100 0049 | 8bcf 4883 | ec20 40f6 | c40f 0f84 | 1900 0000 | 4883 ec08 
  0x000001b58f7a3344: ;   {runtime_call}
  0x000001b58f7a3344: 48b8 80b9 | 990f f87f | 0000 ffd0 | 4883 c408 | e90c 0000 

  0x000001b58f7a3358: ;   {runtime_call}
  0x000001b58f7a3358: 0048 b880 | b999 0ff8 | 7f00 00ff | d048 83c4 | 2041 585a | 498d 8fc0 | 0300 0041 | c787 5404 
  0x000001b58f7a3378: 0000 0400 

  0x000001b58f7a337c: ;   {runtime_call}
  0x000001b58f7a337c: 0000 48b8 | b0b5 590d | f87f 0000 | ffd0 c5f8 | 7741 c787 | 5404 0000 | 0500 0000 | f083 4424 
  0x000001b58f7a339c: c000 493b | af58 0400 | 000f 870e | 0000 0041 | 83bf 5004 | 0000 000f | 842b 0000 | 00c5 f877 
  0x000001b58f7a33bc: 4889 45f8 | 498b cf4c | 8be4 4883 | ec20 4883 

  0x000001b58f7a33cc: ;   {runtime_call}
  0x000001b58f7a33cc: e4f0 48b8 | 4023 640f | f87f 0000 | ffd0 498b | e44d 33e4 | 488b 45f8 | 41c7 8754 | 0400 0008 
  0x000001b58f7a33ec: 0000 0041 | 83bf d004 | 0000 020f | 849c 0000 

  0x000001b58f7a33fc: ;   {external_word}
  0x000001b58f7a33fc: 0049 ba6c | 40e9 0ff8 | 7f00 0041 | 803a 000f | 844c 0000 | 0048 8945 

  0x000001b58f7a3414: ;   {metadata({method} {0x000001b5e2299ed0} 'getCmdListCmdBufferSize' '(I)I' in 'imgui/ImDrawData')}
  0x000001b58f7a3414: f848 bac8 | 9e29 e2b5 | 0100 0049 | 8bcf 4883 | ec20 40f6 | c40f 0f84 | 1900 0000 | 4883 ec08 
  0x000001b58f7a3434: ;   {runtime_call}
  0x000001b58f7a3434: 48b8 80b9 | 990f f87f | 0000 ffd0 | 4883 c408 | e90c 0000 

  0x000001b58f7a3448: ;   {runtime_call}
  0x000001b58f7a3448: 0048 b880 | b999 0ff8 | 7f00 00ff | d048 83c4 | 2048 8b45 | f849 c787 | a003 0000 | 0000 0000 
  0x000001b58f7a3468: 49c7 87a8 | 0300 0000 | 0000 00c5 | f877 498b | 8f30 0400 | 00c7 8100 | 0100 0000 | 0000 00c9 
  0x000001b58f7a3488: 4983 7f08 | 000f 8501 | 0000 00c3 

  0x000001b58f7a3494: ;   {runtime_call StubRoutines (initial stubs)}
  0x000001b58f7a3494: e967 dac3 | ffc5 f877 | 4889 45f8 | 4c8b e448 | 83ec 2048 

  0x000001b58f7a34a8: ;   {runtime_call}
  0x000001b58f7a34a8: 83e4 f048 | b8d0 f199 | 0ff8 7f00 | 00ff d049 | 8be4 4d33 | e448 8b45 | f8e9 37ff | ffff f4f4 
[/MachCode]


---------------  P R O C E S S  ---------------

Threads class SMR info:
_java_thread_list=0x000001b5e65237c0, length=21, elements={
0x000001b59c9045a0, 0x000001b59c905570, 0x000001b59c9074c0, 0x000001b59c9118b0,
0x000001b59c90df00, 0x000001b59c911f20, 0x000001b59c915c40, 0x000001b59c8d1d60,
0x000001b59f54f9b0, 0x000001b59f7ee310, 0x000001b5e50030a0, 0x000001b5e516b830,
0x000001b5e5211760, 0x000001b5e5caece0, 0x000001b5e5cde8d0, 0x000001b5e5d0a620,
0x000001b5e5d1bf10, 0x000001b5870a8fc0, 0x000001b5e6524420, 0x000001b5e657fdd0,
0x000001b5e65505b0
}

Java Threads: ( => current thread )
  0x000001b59c9045a0 JavaThread "Reference Handler"          daemon [_thread_blocked, id=8164, stack(0x00000075a5e00000,0x00000075a5f00000) (1024K)]
  0x000001b59c905570 JavaThread "Finalizer"                  daemon [_thread_blocked, id=6824, stack(0x00000075a5f00000,0x00000075a6000000) (1024K)]
  0x000001b59c9074c0 JavaThread "Signal Dispatcher"          daemon [_thread_blocked, id=7516, stack(0x00000075a6000000,0x00000075a6100000) (1024K)]
  0x000001b59c9118b0 JavaThread "Attach Listener"            daemon [_thread_blocked, id=17208, stack(0x00000075a6100000,0x00000075a6200000) (1024K)]
  0x000001b59c90df00 JavaThread "Service Thread"             daemon [_thread_blocked, id=7892, stack(0x00000075a6200000,0x00000075a6300000) (1024K)]
  0x000001b59c911f20 JavaThread "Monitor Deflation Thread"   daemon [_thread_blocked, id=2776, stack(0x00000075a6300000,0x00000075a6400000) (1024K)]
  0x000001b59c915c40 JavaThread "C1 CompilerThread0"         daemon [_thread_blocked, id=4792, stack(0x00000075a6400000,0x00000075a6500000) (1024K)]
  0x000001b59c8d1d60 JavaThread "Common-Cleaner"             daemon [_thread_blocked, id=4444, stack(0x00000075a6500000,0x00000075a6600000) (1024K)]
  0x000001b59f54f9b0 JavaThread "C1 CompilerThread1"         daemon [_thread_blocked, id=4056, stack(0x00000075a6600000,0x00000075a6700000) (1024K)]
  0x000001b59f7ee310 JavaThread "Monitor Ctrl-Break"         daemon [_thread_in_native, id=16692, stack(0x00000075a6700000,0x00000075a6800000) (1024K)]
  0x000001b5e50030a0 JavaThread "Notification Thread"        daemon [_thread_blocked, id=7364, stack(0x00000075a6800000,0x00000075a6900000) (1024K)]
  0x000001b5e516b830 JavaThread "C1 CompilerThread2"         daemon [_thread_blocked, id=7360, stack(0x00000075a6900000,0x00000075a6a00000) (1024K)]
  0x000001b5e5211760 JavaThread "RMI TCP Accept-0"           daemon [_thread_in_native, id=8004, stack(0x00000075a6b00000,0x00000075a6c00000) (1024K)]
  0x000001b5e5caece0 JavaThread "RMI TCP Connection(1)-192.168.0.24" daemon [_thread_in_native, id=11216, stack(0x00000075a7700000,0x00000075a7800000) (1024K)]
  0x000001b5e5cde8d0 JavaThread "RMI Scheduler(0)"           daemon [_thread_blocked, id=6964, stack(0x00000075a7800000,0x00000075a7900000) (1024K)]
  0x000001b5e5d0a620 JavaThread "Thread-2"                          [_thread_in_native, id=17592, stack(0x00000075a7900000,0x00000075a7a00000) (1024K)]
  0x000001b5e5d1bf10 JavaThread "scheduling-1"                      [_thread_blocked, id=15720, stack(0x00000075a7a00000,0x00000075a7b00000) (1024K)]
  0x000001b5870a8fc0 JavaThread "DestroyJavaVM"                     [_thread_blocked, id=4072, stack(0x00000075a5600000,0x00000075a5700000) (1024K)]
  0x000001b5e6524420 JavaThread "RMI TCP Connection(2)-192.168.0.24" daemon [_thread_in_native, id=16468, stack(0x00000075a8200000,0x00000075a8300000) (1024K)]
  0x000001b5e657fdd0 JavaThread "JMX server connection timeout 47" daemon [_thread_blocked, id=2672, stack(0x00000075a8300000,0x00000075a8400000) (1024K)]
=>0x000001b5e65505b0 JavaThread "Thread-3"                          [_thread_in_native, id=1408, stack(0x00000075a6a00000,0x00000075a6b00000) (1024K)]
Total: 21

Other Threads:
  0x000001b59c8e9500 VMThread "VM Thread"                           [id=17464, stack(0x00000075a5d00000,0x00000075a5e00000) (1024K)]
  0x000001b59f471270 WatcherThread "VM Periodic Task Thread"        [id=12664, stack(0x00000075a5c00000,0x00000075a5d00000) (1024K)]
  0x000001b59c78fe10 WorkerThread "GC Thread#0"                     [id=7148, stack(0x00000075a5700000,0x00000075a5800000) (1024K)]
  0x000001b5e56acf90 WorkerThread "GC Thread#1"                     [id=3440, stack(0x00000075a6c00000,0x00000075a6d00000) (1024K)]
  0x000001b5e56ad340 WorkerThread "GC Thread#2"                     [id=15728, stack(0x00000075a6d00000,0x00000075a6e00000) (1024K)]
  0x000001b5e56447c0 WorkerThread "GC Thread#3"                     [id=16396, stack(0x00000075a6e00000,0x00000075a6f00000) (1024K)]
  0x000001b5e56ad6f0 WorkerThread "GC Thread#4"                     [id=15752, stack(0x00000075a6f00000,0x00000075a7000000) (1024K)]
  0x000001b5e56adaa0 WorkerThread "GC Thread#5"                     [id=15580, stack(0x00000075a7000000,0x00000075a7100000) (1024K)]
  0x000001b5e5657920 WorkerThread "GC Thread#6"                     [id=16108, stack(0x00000075a7100000,0x00000075a7200000) (1024K)]
  0x000001b5e5658150 WorkerThread "GC Thread#7"                     [id=9260, stack(0x00000075a7200000,0x00000075a7300000) (1024K)]
  0x000001b5e5658500 WorkerThread "GC Thread#8"                     [id=15604, stack(0x00000075a7300000,0x00000075a7400000) (1024K)]
  0x000001b5e56588b0 WorkerThread "GC Thread#9"                     [id=7464, stack(0x00000075a7400000,0x00000075a7500000) (1024K)]
  0x000001b587121eb0 ConcurrentGCThread "G1 Main Marker"            [id=4804, stack(0x00000075a5800000,0x00000075a5900000) (1024K)]
  0x000001b587123570 WorkerThread "G1 Conc#0"                       [id=16636, stack(0x00000075a5900000,0x00000075a5a00000) (1024K)]
  0x000001b5e5a59720 WorkerThread "G1 Conc#1"                       [id=6960, stack(0x00000075a7500000,0x00000075a7600000) (1024K)]
  0x000001b5e5a58860 WorkerThread "G1 Conc#2"                       [id=16944, stack(0x00000075a7600000,0x00000075a7700000) (1024K)]
  0x000001b58715eb90 ConcurrentGCThread "G1 Refine#0"               [id=8688, stack(0x00000075a5a00000,0x00000075a5b00000) (1024K)]
  0x000001b59c8137d0 ConcurrentGCThread "G1 Service"                [id=2744, stack(0x00000075a5b00000,0x00000075a5c00000) (1024K)]
Total: 18

Threads with active compile tasks:
Total: 0

VM state: not at safepoint (normal execution)

VM Mutex/Monitor currently owned by a thread: None

Heap address: 0x0000000601400000, size: 8172 MB, Compressed Oops mode: Zero based, Oop shift amount: 3

CDS archive(s) mapped at: [0x000001b5a0000000-0x000001b5a0c60000-0x000001b5a0c60000), size 12976128, SharedBaseAddress: 0x000001b5a0000000, ArchiveRelocationMode: 1.
Compressed class space mapped at: 0x000001b5a1000000-0x000001b5e1000000, reserved size: 1073741824
Narrow klass base: 0x000001b5a0000000, Narrow klass shift: 0, Narrow klass range: 0x41000000

GC Precious Log:
 CardTable entry size: 512
 Card Set container configuration: InlinePtr #cards 4 size 8 Array Of Cards #cards 32 size 80 Howl #buckets 8 coarsen threshold 7372 Howl Bitmap #cards 1024 size 144 coarsen threshold 921 Card regions per heap region 1 cards per card region 8192
 CPUs: 12 total, 12 available
 Memory: 32680M
 Large Page Support: Disabled
 NUMA Support: Disabled
 Compressed Oops: Enabled (Zero based)
 Heap Region Size: 4M
 Heap Min Capacity: 8M
 Heap Initial Capacity: 512M
 Heap Max Capacity: 8172M
 Pre-touch: Disabled
 Parallel Workers: 10
 Concurrent Workers: 3
 Concurrent Refinement Workers: 10
 Periodic GC: Disabled

Heap:
 garbage-first heap   total reserved 8368128K, committed 49152K, used 26844K [0x0000000601400000, 0x0000000800000000)
  region size 4096K, 7 young (28672K), 2 survivors (8192K)
 Metaspace       used 23710K, committed 24320K, reserved 1114112K
  class space    used 3065K, committed 3328K, reserved 1048576K

Heap Regions: E=young(eden), S=young(survivor), O=old, HS=humongous(starts), HC=humongous(continues), CS=collection set, F=free, TAMS=top-at-mark-start, PB=parsable bottom
|   0|0x0000000601400000, 0x0000000601800000, 0x0000000601800000|100%| O|  |TAMS 0x0000000601400000| PB 0x0000000601400000| Untracked |  0
|   1|0x0000000601800000, 0x0000000601871e20, 0x0000000601c00000| 11%| O|Cm|TAMS 0x0000000601800000| PB 0x0000000601800000| Complete |  0
|   2|0x0000000601c00000, 0x0000000601c00000, 0x0000000602000000|  0%| F|  |TAMS 0x0000000601c00000| PB 0x0000000601c00000| Untracked |  0
|   3|0x0000000602000000, 0x0000000602000000, 0x0000000602400000|  0%| F|  |TAMS 0x0000000602000000| PB 0x0000000602000000| Untracked |  0
|   4|0x0000000602400000, 0x0000000602400000, 0x0000000602800000|  0%| F|  |TAMS 0x0000000602400000| PB 0x0000000602400000| Untracked |  0
|   5|0x0000000602800000, 0x00000006029f5578, 0x0000000602c00000| 48%| E|  |TAMS 0x0000000602800000| PB 0x0000000602800000| Complete |  0
|   6|0x0000000602c00000, 0x0000000603000000, 0x0000000603000000|100%| E|CS|TAMS 0x0000000602c00000| PB 0x0000000602c00000| Complete |  0
|   7|0x0000000603000000, 0x0000000603400000, 0x0000000603400000|100%| S|CS|TAMS 0x0000000603000000| PB 0x0000000603000000| Complete |  0
|   8|0x0000000603400000, 0x00000006035c54e8, 0x0000000603800000| 44%| S|CS|TAMS 0x0000000603400000| PB 0x0000000603400000| Complete |  0
| 121|0x000000061f800000, 0x000000061fc00000, 0x000000061fc00000|100%| E|CS|TAMS 0x000000061f800000| PB 0x000000061f800000| Complete |  0
| 126|0x0000000620c00000, 0x0000000621000000, 0x0000000621000000|100%| E|CS|TAMS 0x0000000620c00000| PB 0x0000000620c00000| Complete |  0
| 127|0x0000000621000000, 0x0000000621400000, 0x0000000621400000|100%| E|CS|TAMS 0x0000000621000000| PB 0x0000000621000000| Complete |  0

Card table byte_map: [0x000001b593710000,0x000001b594710000] _byte_map_base: 0x000001b590706000

Marking Bits: (CMBitMap*) 0x000001b59c790520
 Bits: [0x000001b594710000, 0x000001b59c6c0000)

Polling page: 0x000001b586860000

Metaspace:

Usage:
  Non-class:     20.16 MB used.
      Class:      2.99 MB used.
       Both:     23.16 MB used.

Virtual space:
  Non-class space:       64.00 MB reserved,      20.50 MB ( 32%) committed,  1 nodes.
      Class space:        1.00 GB reserved,       3.25 MB ( <1%) committed,  1 nodes.
             Both:        1.06 GB reserved,      23.75 MB (  2%) committed. 

Chunk freelists:
   Non-Class:  10.84 MB
       Class:  12.67 MB
        Both:  23.52 MB

MaxMetaspaceSize: unlimited
CompressedClassSpaceSize: 1.00 GB
Initial GC threshold: 21.00 MB
Current GC threshold: 25.62 MB
CDS: on
 - commit_granule_bytes: 65536.
 - commit_granule_words: 8192.
 - virtual_space_node_default_size: 8388608.
 - enlarge_chunks_in_place: 1.
 - use_allocation_guard: 0.


Internal statistics:

num_allocs_failed_limit: 0.
num_arena_births: 694.
num_arena_deaths: 0.
num_vsnodes_births: 2.
num_vsnodes_deaths: 0.
num_space_committed: 379.
num_space_uncommitted: 0.
num_chunks_returned_to_freelist: 0.
num_chunks_taken_from_freelist: 1386.
num_chunk_merges: 0.
num_chunk_splits: 938.
num_chunks_enlarged: 649.
num_inconsistent_stats: 0.

CodeCache: size=49152Kb used=8971Kb max_used=9395Kb free=40181Kb
 bounds [0x000001b58f3e0000, 0x000001b58fd10000, 0x000001b5923e0000]
 total_blobs=5067 nmethods=3715 adapters=1274
 compilation: enabled
              stopped_count=0, restarted_count=0
 full_count=0

Compilation events (20 events):
Event: 2.891 Thread 0x000001b5e516b830 3696       1       com.pine.common.fs.FileInfoDTO::getKey (5 bytes)
Event: 2.891 Thread 0x000001b59f54f9b0 3697       1       com.pine.app.core.ui.view.AbstractView::getInnerText (5 bytes)
Event: 2.891 Thread 0x000001b59f54f9b0 nmethod 3697 0x000001b58f7a0010 code [0x000001b58f7a01a0, 0x000001b58f7a0270]
Event: 2.891 Thread 0x000001b5e516b830 nmethod 3696 0x000001b58f79fd10 code [0x000001b58f79fea0, 0x000001b58f79ff70]
Event: 2.917 Thread 0x000001b5e516b830 3698       1       org.lwjgl.opengl.GL15C::glBufferData (15 bytes)
Event: 2.917 Thread 0x000001b59c915c40 3700       1       org.lwjgl.opengl.GL15::glBufferData (7 bytes)
Event: 2.917 Thread 0x000001b59f54f9b0 3705       1       org.lwjgl.opengl.GL32::glDrawElementsBaseVertex (10 bytes)
Event: 2.917 Thread 0x000001b5e516b830 nmethod 3698 0x000001b58f79dd90 code [0x000001b58f79df20, 0x000001b58f79e020]
Event: 2.917 Thread 0x000001b59f54f9b0 nmethod 3705 0x000001b58f79da90 code [0x000001b58f79dc20, 0x000001b58f79dce8]
Event: 2.917 Thread 0x000001b59c915c40 nmethod 3700 0x000001b58f79d710 code [0x000001b58f79d8a0, 0x000001b58f79d9a0]
Event: 2.917 Thread 0x000001b5e516b830 3707       1       org.lwjgl.opengl.GL32C::glDrawElementsBaseVertex (10 bytes)
Event: 2.917 Thread 0x000001b5e516b830 nmethod 3707 0x000001b58f79d410 code [0x000001b58f79d5a0, 0x000001b58f79d660]
Event: 2.970 Thread 0x000001b5e516b830 3711       1       org.lwjgl.system.MemoryUtil::address (11 bytes)
Event: 2.970 Thread 0x000001b59c915c40 3712       1       org.lwjgl.system.MemoryStack::setPointer (17 bytes)
Event: 2.970 Thread 0x000001b59f54f9b0 3713       1       org.lwjgl.system.MemoryStack::checkPointer (23 bytes)
Event: 2.970 Thread 0x000001b5e516b830 nmethod 3711 0x000001b58f79c910 code [0x000001b58f79caa0, 0x000001b58f79cb60]
Event: 2.970 Thread 0x000001b59f54f9b0 nmethod 3713 0x000001b58f79c510 code [0x000001b58f79c6c0, 0x000001b58f79c850]
Event: 2.970 Thread 0x000001b59c915c40 nmethod 3712 0x000001b58f79c090 code [0x000001b58f79c240, 0x000001b58f79c3e0]
Event: 2.983 Thread 0x000001b59c915c40 3714       1       org.lwjgl.system.MemoryUtil::memAddress (13 bytes)
Event: 2.984 Thread 0x000001b59c915c40 nmethod 3714 0x000001b58f79bd90 code [0x000001b58f79bf20, 0x000001b58f79c008]

GC Heap History (8 events):
Event: 0.401 GC heap before
{Heap before GC invocations=0 (full 0):
 garbage-first heap   total reserved 8368128K, committed 524288K, used 24576K [0x0000000601400000, 0x0000000800000000)
  region size 4096K, 6 young (24576K), 0 survivors (0K)
 Metaspace       used 7359K, committed 7552K, reserved 1114112K
  class space    used 925K, committed 1024K, reserved 1048576K
}
Event: 0.404 GC heap after
{Heap after GC invocations=1 (full 0):
 garbage-first heap   total reserved 8368128K, committed 524288K, used 4445K [0x0000000601400000, 0x0000000800000000)
  region size 4096K, 1 young (4096K), 1 survivors (4096K)
 Metaspace       used 7359K, committed 7552K, reserved 1114112K
  class space    used 925K, committed 1024K, reserved 1048576K
}
Event: 0.719 GC heap before
{Heap before GC invocations=1 (full 0):
 garbage-first heap   total reserved 8368128K, committed 524288K, used 33117K [0x0000000601400000, 0x0000000800000000)
  region size 4096K, 8 young (32768K), 1 survivors (4096K)
 Metaspace       used 12557K, committed 12928K, reserved 1114112K
  class space    used 1745K, committed 1920K, reserved 1048576K
}
Event: 0.723 GC heap after
{Heap after GC invocations=2 (full 0):
 garbage-first heap   total reserved 8368128K, committed 524288K, used 6768K [0x0000000601400000, 0x0000000800000000)
  region size 4096K, 1 young (4096K), 1 survivors (4096K)
 Metaspace       used 12557K, committed 12928K, reserved 1114112K
  class space    used 1745K, committed 1920K, reserved 1048576K
}
Event: 0.936 GC heap before
{Heap before GC invocations=2 (full 0):
 garbage-first heap   total reserved 8368128K, committed 524288K, used 27248K [0x0000000601400000, 0x0000000800000000)
  region size 4096K, 7 young (28672K), 1 survivors (4096K)
 Metaspace       used 15277K, committed 15680K, reserved 1114112K
  class space    used 2163K, committed 2368K, reserved 1048576K
}
Event: 0.938 GC heap after
{Heap after GC invocations=3 (full 0):
 garbage-first heap   total reserved 8368128K, committed 524288K, used 8448K [0x0000000601400000, 0x0000000800000000)
  region size 4096K, 1 young (4096K), 1 survivors (4096K)
 Metaspace       used 15277K, committed 15680K, reserved 1114112K
  class space    used 2163K, committed 2368K, reserved 1048576K
}
Event: 1.128 GC heap before
{Heap before GC invocations=4 (full 0):
 garbage-first heap   total reserved 8368128K, committed 40960K, used 37120K [0x0000000601400000, 0x0000000800000000)
  region size 4096K, 8 young (32768K), 1 survivors (4096K)
 Metaspace       used 18980K, committed 19456K, reserved 1114112K
  class space    used 2736K, committed 2944K, reserved 1048576K
}
Event: 1.130 GC heap after
{Heap after GC invocations=5 (full 0):
 garbage-first heap   total reserved 8368128K, committed 49152K, used 10460K [0x0000000601400000, 0x0000000800000000)
  region size 4096K, 2 young (8192K), 2 survivors (8192K)
 Metaspace       used 18980K, committed 19456K, reserved 1114112K
  class space    used 2736K, committed 2944K, reserved 1048576K
}

Dll operation events (14 events):
Event: 0.006 Loaded shared library C:\Users\russi\.jdks\openjdk-22.0.2\bin\java.dll
Event: 0.070 Loaded shared library C:\Users\russi\.jdks\openjdk-22.0.2\bin\zip.dll
Event: 0.072 Loaded shared library C:\Users\russi\.jdks\openjdk-22.0.2\bin\instrument.dll
Event: 0.075 Loaded shared library C:\Users\russi\.jdks\openjdk-22.0.2\bin\net.dll
Event: 0.076 Loaded shared library C:\Users\russi\.jdks\openjdk-22.0.2\bin\nio.dll
Event: 0.079 Loaded shared library C:\Users\russi\.jdks\openjdk-22.0.2\bin\zip.dll
Event: 0.105 Loaded shared library C:\Program Files\JetBrains\IntelliJ IDEA 2024.1.4\bin\breakgen64.dll
Event: 0.108 Loaded shared library C:\Users\russi\.jdks\openjdk-22.0.2\bin\jimage.dll
Event: 0.111 Loaded shared library C:\Users\russi\.jdks\openjdk-22.0.2\bin\extnet.dll
Event: 0.119 Loaded shared library C:\Users\russi\.jdks\openjdk-22.0.2\bin\management.dll
Event: 0.125 Loaded shared library C:\Users\russi\.jdks\openjdk-22.0.2\bin\management_ext.dll
Event: 1.123 Loaded shared library C:\Users\russi\AppData\Local\Temp\lwjgl_russi\3.3.4+7\x64\lwjgl.dll
Event: 1.331 Loaded shared library C:\Users\russi\AppData\Local\Temp\lwjgl_russi\3.3.4+7\x64\lwjgl_opengl.dll
Event: 1.646 Loaded shared library C:\Users\russi\AppData\Local\Temp\imgui-java-natives\1.86.11\imgui-java64.dll

Deoptimization events (0 events):
No events

Classes loaded (20 events):
Event: 1.715 Loading class com/sun/org/apache/xerces/internal/dom/CharacterDataImpl
Event: 1.715 Loading class com/sun/org/apache/xerces/internal/dom/CharacterDataImpl done
Event: 1.715 Loading class com/sun/org/apache/xerces/internal/dom/TextImpl done
Event: 1.715 Loading class com/sun/org/apache/xerces/internal/dom/DeferredTextImpl done
Event: 1.715 Loading class com/sun/org/apache/xerces/internal/dom/CharacterDataImpl$1
Event: 1.715 Loading class com/sun/org/apache/xerces/internal/dom/CharacterDataImpl$1 done
Event: 1.715 Loading class com/sun/org/apache/xerces/internal/dom/AttributeMap
Event: 1.715 Loading class com/sun/org/apache/xerces/internal/dom/NamedNodeMapImpl
Event: 1.715 Loading class org/w3c/dom/NamedNodeMap
Event: 1.715 Loading class org/w3c/dom/NamedNodeMap done
Event: 1.715 Loading class com/sun/org/apache/xerces/internal/dom/NamedNodeMapImpl done
Event: 1.715 Loading class com/sun/org/apache/xerces/internal/dom/AttributeMap done
Event: 1.716 Loading class com/sun/org/apache/xerces/internal/dom/DeferredAttrImpl
Event: 1.716 Loading class com/sun/org/apache/xerces/internal/dom/AttrImpl
Event: 1.716 Loading class org/w3c/dom/Attr
Event: 1.716 Loading class org/w3c/dom/Attr done
Event: 1.716 Loading class com/sun/org/apache/xerces/internal/dom/AttrImpl done
Event: 1.716 Loading class com/sun/org/apache/xerces/internal/dom/DeferredAttrImpl done
Event: 2.747 Loading class java/security/NoSuchAlgorithmException
Event: 2.747 Loading class java/security/NoSuchAlgorithmException done

Classes unloaded (0 events):
No events

Classes redefined (0 events):
No events

Internal exceptions (20 events):
Event: 1.115 Thread 0x000001b5e5d0a620 Exception <a 'java/lang/NoSuchMethodError'{0x0000000601e9b8f8}: 'void java.lang.System.load(java.lang.String, java.lang.Class)'> (0x0000000601e9b8f8) 
thrown [s\open\src\hotspot\share\interpreter\linkResolver.cpp, line 774]
Event: 1.115 Thread 0x000001b5e5d0a620 Exception <a 'java/lang/NoSuchMethodError'{0x0000000601ea4b60}: 'void java.lang.System.loadLibrary(java.lang.String, java.lang.Class)'> (0x0000000601ea4b60) 
thrown [s\open\src\hotspot\share\interpreter\linkResolver.cpp, line 774]
Event: 1.126 Thread 0x000001b5e5d0a620 Exception <a 'sun/nio/fs/WindowsException'{0x0000000601ed2490}> (0x0000000601ed2490) 
thrown [s\open\src\hotspot\share\prims\jni.cpp, line 520]
Event: 1.126 Thread 0x000001b5e5d0a620 Exception <a 'sun/nio/fs/WindowsException'{0x0000000601ed27e0}> (0x0000000601ed27e0) 
thrown [s\open\src\hotspot\share\prims\jni.cpp, line 520]
Event: 1.135 Thread 0x000001b5e5d0a620 Exception <a 'java/lang/NoSuchMethodError'{0x0000000621025668}: 'int java.lang.invoke.DirectMethodHandle$Holder.invokeStaticInit(java.lang.Object, java.lang.Object, int, long)'> (0x0000000621025668) 
thrown [s\open\src\hotspot\share\interpreter\linkResolver.cpp, line 774]
Event: 1.136 Thread 0x000001b5e5d0a620 Exception <a 'java/lang/NoSuchMethodError'{0x000000062102a6a0}: 'java.lang.Object java.lang.invoke.DirectMethodHandle$Holder.newInvokeSpecial(java.lang.Object, java.lang.Object, int)'> (0x000000062102a6a0) 
thrown [s\open\src\hotspot\share\interpreter\linkResolver.cpp, line 774]
Event: 1.136 Thread 0x000001b5e5d0a620 Exception <a 'java/lang/NoSuchMethodError'{0x00000006210381c0}: 'int java.lang.invoke.DirectMethodHandle$Holder.invokeStaticInit(java.lang.Object, java.lang.Object, long, long)'> (0x00000006210381c0) 
thrown [s\open\src\hotspot\share\interpreter\linkResolver.cpp, line 774]
Event: 1.136 Thread 0x000001b5e5d0a620 Exception <a 'java/lang/NoSuchMethodError'{0x000000062103d5c0}: 'java.lang.Object java.lang.invoke.DirectMethodHandle$Holder.newInvokeSpecial(java.lang.Object, java.lang.Object, long)'> (0x000000062103d5c0) 
thrown [s\open\src\hotspot\share\interpreter\linkResolver.cpp, line 774]
Event: 1.137 Thread 0x000001b5e5d0a620 Exception <a 'java/lang/NoSuchMethodError'{0x0000000621044c40}: 'int java.lang.invoke.DirectMethodHandle$Holder.invokeStaticInit(java.lang.Object, java.lang.Object, java.lang.Object, long)'> (0x0000000621044c40) 
thrown [s\open\src\hotspot\share\interpreter\linkResolver.cpp, line 774]
Event: 1.146 Thread 0x000001b5e5d0a620 Exception <a 'sun/nio/fs/WindowsException'{0x00000006210ddd58}> (0x00000006210ddd58) 
thrown [s\open\src\hotspot\share\prims\jni.cpp, line 520]
Event: 1.146 Thread 0x000001b5e5d0a620 Exception <a 'sun/nio/fs/WindowsException'{0x00000006210de0b8}> (0x00000006210de0b8) 
thrown [s\open\src\hotspot\share\prims\jni.cpp, line 520]
Event: 1.152 Thread 0x000001b5e5d0a620 Exception <a 'java/lang/NoSuchMethodError'{0x00000006212b77f0}: 'int java.lang.invoke.Invokers$Holder.invokeExact_MT(java.lang.Object, java.lang.Object)'> (0x00000006212b77f0) 
thrown [s\open\src\hotspot\share\interpreter\linkResolver.cpp, line 774]
Event: 1.327 Thread 0x000001b5e5d0a620 Exception <a 'java/lang/NoSuchMethodError'{0x0000000621324a70}: 'void java.lang.System.load(java.lang.String, java.lang.Class)'> (0x0000000621324a70) 
thrown [s\open\src\hotspot\share\interpreter\linkResolver.cpp, line 774]
Event: 1.328 Thread 0x000001b5e5d0a620 Exception <a 'java/lang/NoSuchMethodError'{0x0000000621327538}: 'void java.lang.System.loadLibrary(java.lang.String, java.lang.Class)'> (0x0000000621327538) 
thrown [s\open\src\hotspot\share\interpreter\linkResolver.cpp, line 774]
Event: 1.330 Thread 0x000001b5e5d0a620 Exception <a 'sun/nio/fs/WindowsException'{0x00000006213366d8}> (0x00000006213366d8) 
thrown [s\open\src\hotspot\share\prims\jni.cpp, line 520]
Event: 1.330 Thread 0x000001b5e5d0a620 Exception <a 'sun/nio/fs/WindowsException'{0x0000000621336a78}> (0x0000000621336a78) 
thrown [s\open\src\hotspot\share\prims\jni.cpp, line 520]
Event: 1.334 Thread 0x000001b5e5d0a620 Exception <a 'sun/nio/fs/WindowsException'{0x000000062133f5c8}> (0x000000062133f5c8) 
thrown [s\open\src\hotspot\share\prims\jni.cpp, line 520]
Event: 1.334 Thread 0x000001b5e5d0a620 Exception <a 'sun/nio/fs/WindowsException'{0x000000062133f898}> (0x000000062133f898) 
thrown [s\open\src\hotspot\share\prims\jni.cpp, line 520]
Event: 1.591 Thread 0x000001b5e6524420 Exception <a 'java/lang/NoSuchMethodError'{0x0000000602c1fbf8}: 'java.lang.Object java.lang.invoke.DirectMethodHandle$Holder.invokeInterface(java.lang.Object, java.lang.Object, java.lang.Object, java.lang.Object, java.lang.Object, java.lang.Object, java.lang.Object)'> (0x0000000602c1fbf8) 
thrown [s\open\src\hotspot\share\interpreter\linkResolver.cpp, line 774]
Event: 1.716 Thread 0x000001b5e5d0a620 Exception <a 'java/lang/NullPointerException'{0x0000000602f10970}> (0x0000000602f10970) 
thrown [s\open\src\hotspot\share\interpreter\linkResolver.cpp, line 1458]

ZGC Phase Switch (0 events):
No events

VM Operations (20 events):
Event: 0.930 Executing VM operation: HandshakeAllThreads (Deoptimize)
Event: 0.930 Executing VM operation: HandshakeAllThreads (Deoptimize) done
Event: 0.936 Executing VM operation: G1TryInitiateConcMark (CodeCache GC Threshold)
Event: 0.938 Executing VM operation: G1TryInitiateConcMark (CodeCache GC Threshold) done
Event: 0.944 Executing VM operation: G1PauseRemark
Event: 0.945 Executing VM operation: G1PauseRemark done
Event: 0.946 Executing VM operation: G1PauseCleanup
Event: 0.946 Executing VM operation: G1PauseCleanup done
Event: 1.028 Executing VM operation: HandshakeAllThreads (Deoptimize)
Event: 1.028 Executing VM operation: HandshakeAllThreads (Deoptimize) done
Event: 1.047 Executing VM operation: HandshakeAllThreads (Deoptimize)
Event: 1.047 Executing VM operation: HandshakeAllThreads (Deoptimize) done
Event: 1.094 Executing VM operation: HandshakeAllThreads (Deoptimize)
Event: 1.094 Executing VM operation: HandshakeAllThreads (Deoptimize) done
Event: 1.120 Executing VM operation: HandshakeAllThreads (Deoptimize)
Event: 1.120 Executing VM operation: HandshakeAllThreads (Deoptimize) done
Event: 1.127 Executing VM operation: G1CollectForAllocation (G1 Evacuation Pause)
Event: 1.130 Executing VM operation: G1CollectForAllocation (G1 Evacuation Pause) done
Event: 2.134 Executing VM operation: Cleanup
Event: 2.134 Executing VM operation: Cleanup done

Memory protections (0 events):
No events

Nmethod flushes (0 events):
No events

Events (20 events):
Event: 0.190 Thread 0x000001b59c915c40 Thread added: 0x000001b5e516c370
Event: 0.257 Thread 0x000001b5870a8fc0 Thread added: 0x000001b5e5211760
Event: 0.579 Thread 0x000001b5870a8fc0 Thread added: 0x000001b5e58337c0
Event: 0.581 Thread 0x000001b5e58337c0 Thread exited: 0x000001b5e58337c0
Event: 0.764 Thread 0x000001b5870a8fc0 Thread added: 0x000001b5e59efde0
Event: 0.771 Thread 0x000001b5e59efde0 Thread exited: 0x000001b5e59efde0
Event: 1.065 Thread 0x000001b5e5211760 Thread added: 0x000001b5e5caece0
Event: 1.074 Thread 0x000001b5e5caece0 Thread added: 0x000001b5e5cde8d0
Event: 1.077 Thread 0x000001b5e5caece0 Thread added: 0x000001b5e5cdf750
Event: 1.084 Thread 0x000001b5e5cdf750 Thread exited: 0x000001b5e5cdf750
Event: 1.107 Thread 0x000001b5870a8fc0 Thread added: 0x000001b5e5d0a620
Event: 1.119 Thread 0x000001b5870a8fc0 Thread added: 0x000001b5e5d1bf10
Event: 1.123 Thread 0x000001b5870a8fc0 Thread exited: 0x000001b5870a8fc0
Event: 1.123 Thread 0x000001b5870a8fc0 Thread added: 0x000001b5870a8fc0
Event: 1.585 Thread 0x000001b5e5caece0 Thread added: 0x000001b5e6524420
Event: 1.587 Thread 0x000001b5e6524420 Thread exited: 0x000001b5e6524420
Event: 1.588 Thread 0x000001b5e5211760 Thread added: 0x000001b5e6524420
Event: 1.589 Thread 0x000001b5e6524420 Thread added: 0x000001b5e657fdd0
Event: 2.504 Thread 0x000001b5e516c370 Thread exited: 0x000001b5e516c370
Event: 2.691 Thread 0x000001b5e5d0a620 Thread added: 0x000001b5e65505b0


Dynamic libraries:
0x00007ff635b70000 - 0x00007ff635b7e000 	C:\Users\russi\.jdks\openjdk-22.0.2\bin\java.exe
0x00007ff876750000 - 0x00007ff876967000 	C:\WINDOWS\SYSTEM32\ntdll.dll
0x00007ff8751c0000 - 0x00007ff875284000 	C:\WINDOWS\System32\KERNEL32.DLL
0x00007ff873c60000 - 0x00007ff874006000 	C:\WINDOWS\System32\KERNELBASE.dll
0x00007ff874010000 - 0x00007ff874121000 	C:\WINDOWS\System32\ucrtbase.dll
0x00007ff870490000 - 0x00007ff8704a7000 	C:\Users\russi\.jdks\openjdk-22.0.2\bin\jli.dll
0x00007ff870470000 - 0x00007ff87048b000 	C:\Users\russi\.jdks\openjdk-22.0.2\bin\VCRUNTIME140.dll
0x00007ff8745a0000 - 0x00007ff87474e000 	C:\WINDOWS\System32\USER32.dll
0x00007ff874130000 - 0x00007ff874156000 	C:\WINDOWS\System32\win32u.dll
0x00007ff8688e0000 - 0x00007ff868b73000 	C:\WINDOWS\WinSxS\amd64_microsoft.windows.common-controls_6595b64144ccf1df_6.0.22621.2506_none_270c5ae97388e100\COMCTL32.dll
0x00007ff8766e0000 - 0x00007ff876709000 	C:\WINDOWS\System32\GDI32.dll
0x00007ff875350000 - 0x00007ff8753f7000 	C:\WINDOWS\System32\msvcrt.dll
0x00007ff874160000 - 0x00007ff874278000 	C:\WINDOWS\System32\gdi32full.dll
0x00007ff873bc0000 - 0x00007ff873c5a000 	C:\WINDOWS\System32\msvcp_win.dll
0x00007ff874ff0000 - 0x00007ff875021000 	C:\WINDOWS\System32\IMM32.DLL
0x00007ff870d60000 - 0x00007ff870d6c000 	C:\Users\russi\.jdks\openjdk-22.0.2\bin\vcruntime140_1.dll
0x00007ff850ac0000 - 0x00007ff850b4e000 	C:\Users\russi\.jdks\openjdk-22.0.2\bin\msvcp140.dll
0x00007ff80f250000 - 0x00007ff80ff99000 	C:\Users\russi\.jdks\openjdk-22.0.2\bin\server\jvm.dll
0x00007ff875290000 - 0x00007ff875343000 	C:\WINDOWS\System32\ADVAPI32.dll
0x00007ff876630000 - 0x00007ff8766d8000 	C:\WINDOWS\System32\sechost.dll
0x00007ff8743f0000 - 0x00007ff874418000 	C:\WINDOWS\System32\bcrypt.dll
0x00007ff8755a0000 - 0x00007ff8756b7000 	C:\WINDOWS\System32\RPCRT4.dll
0x00007ff8750f0000 - 0x00007ff875161000 	C:\WINDOWS\System32\WS2_32.dll
0x00007ff872910000 - 0x00007ff87295d000 	C:\WINDOWS\SYSTEM32\POWRPROF.dll
0x00007ff863200000 - 0x00007ff863234000 	C:\WINDOWS\SYSTEM32\WINMM.dll
0x00007ff86d170000 - 0x00007ff86d17a000 	C:\WINDOWS\SYSTEM32\VERSION.dll
0x00007ff8728f0000 - 0x00007ff872903000 	C:\WINDOWS\SYSTEM32\UMPDC.dll
0x00007ff872bb0000 - 0x00007ff872bc8000 	C:\WINDOWS\SYSTEM32\kernel.appcore.dll
0x00007ff863c70000 - 0x00007ff863c7a000 	C:\Users\russi\.jdks\openjdk-22.0.2\bin\jimage.dll
0x00007ff86ba80000 - 0x00007ff86bcb3000 	C:\WINDOWS\SYSTEM32\DBGHELP.DLL
0x00007ff876150000 - 0x00007ff8764d9000 	C:\WINDOWS\System32\combase.dll
0x00007ff874df0000 - 0x00007ff874ec7000 	C:\WINDOWS\System32\OLEAUT32.dll
0x00007ff859970000 - 0x00007ff8599a2000 	C:\WINDOWS\SYSTEM32\dbgcore.DLL
0x00007ff874420000 - 0x00007ff87449a000 	C:\WINDOWS\System32\bcryptPrimitives.dll
0x00007ff863c60000 - 0x00007ff863c6f000 	C:\Users\russi\.jdks\openjdk-22.0.2\bin\instrument.dll
0x00007ff863b80000 - 0x00007ff863b9e000 	C:\Users\russi\.jdks\openjdk-22.0.2\bin\java.dll
0x00007ff875740000 - 0x00007ff875f9a000 	C:\WINDOWS\System32\SHELL32.dll
0x00007ff875400000 - 0x00007ff8755a0000 	C:\WINDOWS\System32\ole32.dll
0x00007ff8719f0000 - 0x00007ff8722e6000 	C:\WINDOWS\SYSTEM32\windows.storage.dll
0x00007ff8718b0000 - 0x00007ff8719ee000 	C:\WINDOWS\SYSTEM32\wintypes.dll
0x00007ff8744a0000 - 0x00007ff874593000 	C:\WINDOWS\System32\SHCORE.dll
0x00007ff875fc0000 - 0x00007ff87601e000 	C:\WINDOWS\System32\shlwapi.dll
0x00007ff8739c0000 - 0x00007ff8739e6000 	C:\WINDOWS\SYSTEM32\profapi.dll
0x00007ff850aa0000 - 0x00007ff850ab7000 	C:\Users\russi\.jdks\openjdk-22.0.2\bin\zip.dll
0x00007ff863950000 - 0x00007ff863960000 	C:\Users\russi\.jdks\openjdk-22.0.2\bin\net.dll
0x00007ff873030000 - 0x00007ff873099000 	C:\WINDOWS\system32\mswsock.dll
0x00007ff863930000 - 0x00007ff863946000 	C:\Users\russi\.jdks\openjdk-22.0.2\bin\nio.dll
0x00007ff850a80000 - 0x00007ff850a9a000 	C:\Program Files\JetBrains\IntelliJ IDEA 2024.1.4\bin\breakgen64.dll
0x00007ff85bf80000 - 0x00007ff85bf89000 	C:\Users\russi\.jdks\openjdk-22.0.2\bin\extnet.dll
0x00007ff872630000 - 0x00007ff872729000 	C:\WINDOWS\SYSTEM32\DNSAPI.dll
0x00007ff8725c0000 - 0x00007ff8725ed000 	C:\WINDOWS\SYSTEM32\IPHLPAPI.DLL
0x00007ff875fb0000 - 0x00007ff875fb9000 	C:\WINDOWS\System32\NSI.dll
0x00007ff86b2d0000 - 0x00007ff86b2da000 	C:\Windows\System32\rasadhlp.dll
0x00007ff86dd70000 - 0x00007ff86ddf3000 	C:\WINDOWS\System32\fwpuclnt.dll
0x00007ff85bd40000 - 0x00007ff85bd4a000 	C:\Users\russi\.jdks\openjdk-22.0.2\bin\management.dll
0x00007ff85b560000 - 0x00007ff85b56b000 	C:\Users\russi\.jdks\openjdk-22.0.2\bin\management_ext.dll
0x00007ff8750e0000 - 0x00007ff8750e8000 	C:\WINDOWS\System32\PSAPI.DLL
0x00007ff873290000 - 0x00007ff8732ab000 	C:\WINDOWS\SYSTEM32\CRYPTSP.dll
0x00007ff872b10000 - 0x00007ff872b45000 	C:\WINDOWS\system32\rsaenh.dll
0x00007ff873120000 - 0x00007ff87314c000 	C:\WINDOWS\SYSTEM32\USERENV.dll
0x00007ff873280000 - 0x00007ff87328c000 	C:\WINDOWS\SYSTEM32\CRYPTBASE.dll
0x00007ff85a480000 - 0x00007ff85a497000 	C:\WINDOWS\system32\napinsp.dll
0x00007ff85a460000 - 0x00007ff85a47b000 	C:\WINDOWS\system32\pnrpnsp.dll
0x00007ff85a420000 - 0x00007ff85a431000 	C:\WINDOWS\System32\winrnr.dll
0x00007ff85a400000 - 0x00007ff85a415000 	C:\WINDOWS\system32\wshbth.dll
0x00007ff85a3d0000 - 0x00007ff85a3f1000 	C:\WINDOWS\system32\nlansp_c.dll
0x00007ff84a700000 - 0x00007ff84a77b000 	C:\Users\russi\AppData\Local\Temp\lwjgl_russi\3.3.4+7\x64\lwjgl.dll
0x00007ff83e1c0000 - 0x00007ff83e245000 	C:\Users\russi\AppData\Local\Temp\lwjgl_russi\3.3.4+7\x64\glfw.dll
0x00007ff847a00000 - 0x00007ff847a46000 	C:\WINDOWS\SYSTEM32\dinput8.dll
0x00007ff850930000 - 0x00007ff850941000 	C:\WINDOWS\SYSTEM32\xinput1_4.dll
0x00007ff8737a0000 - 0x00007ff8737ee000 	C:\WINDOWS\SYSTEM32\cfgmgr32.dll
0x00007ff873750000 - 0x00007ff87377c000 	C:\WINDOWS\SYSTEM32\DEVOBJ.dll
0x00007ff8711b0000 - 0x00007ff8711db000 	C:\WINDOWS\SYSTEM32\dwmapi.dll
0x00007ff863470000 - 0x00007ff86367a000 	C:\WINDOWS\SYSTEM32\inputhost.dll
0x00007ff870970000 - 0x00007ff870aa4000 	C:\WINDOWS\SYSTEM32\CoreMessaging.dll
0x00007ff870f30000 - 0x00007ff870fdb000 	C:\WINDOWS\system32\uxtheme.dll
0x00007ff8764e0000 - 0x00007ff876630000 	C:\WINDOWS\System32\MSCTF.dll
0x00007ff8396d0000 - 0x00007ff8397d0000 	C:\WINDOWS\SYSTEM32\opengl32.dll
0x00007ff845690000 - 0x00007ff8456bd000 	C:\WINDOWS\SYSTEM32\GLU32.dll
0x00007ff871220000 - 0x00007ff871256000 	C:\WINDOWS\SYSTEM32\dxcore.dll
0x00007ff875030000 - 0x00007ff8750e0000 	C:\WINDOWS\System32\clbcatq.dll
0x00007ff80ffa0000 - 0x00007ff812c44000 	C:\WINDOWS\System32\DriverStore\FileRepository\nv_dispi.inf_amd64_362f239e9bd019fc\nvoglv64.dll
0x00007ff874910000 - 0x00007ff874d84000 	C:\WINDOWS\System32\SETUPAPI.dll
0x00007ff872960000 - 0x00007ff872974000 	C:\WINDOWS\SYSTEM32\WTSAPI32.dll
0x00007ff873730000 - 0x00007ff873742000 	C:\WINDOWS\SYSTEM32\msasn1.dll
0x00007ff86c9a0000 - 0x00007ff86c9d2000 	C:\WINDOWS\SYSTEM32\cryptnet.dll
0x00007ff874280000 - 0x00007ff8743e6000 	C:\WINDOWS\System32\CRYPT32.dll
0x00007ff86bf90000 - 0x00007ff86c0e8000 	C:\WINDOWS\SYSTEM32\drvstore.dll
0x00007ff873330000 - 0x00007ff87337b000 	C:\WINDOWS\SYSTEM32\wldp.dll
0x00007ff873a90000 - 0x00007ff873afb000 	C:\WINDOWS\System32\WINTRUST.dll
0x00007ff872bd0000 - 0x00007ff872c04000 	C:\WINDOWS\SYSTEM32\ntmarta.dll
0x00007ff876120000 - 0x00007ff87613f000 	C:\WINDOWS\System32\imagehlp.dll
0x00007ff865110000 - 0x00007ff86732e000 	C:\WINDOWS\System32\DriverStore\FileRepository\nv_dispi.inf_amd64_362f239e9bd019fc\nvgpucomp64.dll
0x00007ff839400000 - 0x00007ff8396d0000 	C:\WINDOWS\system32\nvspcap64.dll
0x00007ff872540000 - 0x00007ff8725a6000 	C:\WINDOWS\SYSTEM32\WINSTA.dll
0x00007ff83e410000 - 0x00007ff83e471000 	C:\Users\russi\AppData\Local\Temp\lwjgl_russi\3.3.4+7\x64\lwjgl_opengl.dll
0x00007ff8646a0000 - 0x00007ff8647ea000 	C:\WINDOWS\SYSTEM32\textinputframework.dll
0x00007ff86d670000 - 0x00007ff86d9dc000 	C:\WINDOWS\SYSTEM32\CoreUIComponents.dll
0x00007ff80d510000 - 0x00007ff80e26d000 	C:\Users\russi\AppData\Local\Temp\imgui-java-natives\1.86.11\imgui-java64.dll

dbghelp: loaded successfully - version: 4.0.5 - missing functions: none
symbol engine: initialized successfully - sym options: 0x614 - pdb path: .;C:\Users\russi\.jdks\openjdk-22.0.2\bin;C:\WINDOWS\SYSTEM32;C:\WINDOWS\WinSxS\amd64_microsoft.windows.common-controls_6595b64144ccf1df_6.0.22621.2506_none_270c5ae97388e100;C:\Users\russi\.jdks\openjdk-22.0.2\bin\server;C:\Program Files\JetBrains\IntelliJ IDEA 2024.1.4\bin;C:\Users\russi\AppData\Local\Temp\lwjgl_russi\3.3.4+7\x64;C:\WINDOWS\System32\DriverStore\FileRepository\nv_dispi.inf_amd64_362f239e9bd019fc;C:\Users\russi\AppData\Local\Temp\imgui-java-natives\1.86.11

VM Arguments:
jvm_args: -XX:TieredStopAtLevel=1 -Dspring.output.ansi.enabled=always -Dcom.sun.management.jmxremote -Dspring.jmx.enabled=true -Dspring.liveBeansView.mbeanDomain -Dspring.application.admin.enabled=true -Dmanagement.endpoints.jmx.exposure.include=* -javaagent:C:\Program Files\JetBrains\IntelliJ IDEA 2024.1.4\lib\idea_rt.jar=55930:C:\Program Files\JetBrains\IntelliJ IDEA 2024.1.4\bin -Dfile.encoding=UTF-8 -Dsun.stdout.encoding=UTF-8 -Dsun.stderr.encoding=UTF-8 
java_command: com.pine.PineEngineApplication
java_class_path (initial): C:\Users\russi\IdeaProjects\jengine\target\classes;C:\Users\russi\.m2\repository\org\lwjgl\lwjgl\3.3.4\lwjgl-3.3.4.jar;C:\Users\russi\.m2\repository\org\lwjgl\lwjgl-assimp\3.3.4\lwjgl-assimp-3.3.4.jar;C:\Users\russi\.m2\repository\org\lwjgl\lwjgl-glfw\3.3.4\lwjgl-glfw-3.3.4.jar;C:\Users\russi\.m2\repository\org\lwjgl\lwjgl-openal\3.3.4\lwjgl-openal-3.3.4.jar;C:\Users\russi\.m2\repository\org\lwjgl\lwjgl-opengl\3.3.4\lwjgl-opengl-3.3.4.jar;C:\Users\russi\.m2\repository\org\lwjgl\lwjgl-stb\3.3.4\lwjgl-stb-3.3.4.jar;C:\Users\russi\.m2\repository\org\lwjgl\lwjgl\3.3.4\lwjgl-3.3.4-natives-windows.jar;C:\Users\russi\.m2\repository\org\lwjgl\lwjgl-assimp\3.3.4\lwjgl-assimp-3.3.4-natives-windows.jar;C:\Users\russi\.m2\repository\org\lwjgl\lwjgl-glfw\3.3.4\lwjgl-glfw-3.3.4-natives-windows.jar;C:\Users\russi\.m2\repository\org\lwjgl\lwjgl-openal\3.3.4\lwjgl-openal-3.3.4-natives-windows.jar;C:\Users\russi\.m2\repository\org\lwjgl\lwjgl-opengl\3.3.4\lwjgl-opengl-3.3.4-natives-windows.jar;C:\Users\russi\.m2\repository\org\lwjgl\lwjgl-stb\3.3.4\lwjgl-stb-3.3.4-natives-windows.jar;C:\Users\russi\.m2\repository\org\springframework\boot\spring-boot-starter\3.3.2\spring-boot-starter-3.3.2.jar;C:\Users\russi\.m2\repository\org\springframework\boot\spring-boot\3.3.2\spring-boot-3.3.2.jar;C:\Users\russi\.m2\repository\org\springframework\spring-context\6.1.11\spring-context-6.1.11.jar;C:\Users\russi\.m2\repository\org\springframework\spring-aop\6.1.11\spring-aop-6.1.11.jar;C:\Users\russi\.m2\repository\org\springframework\spring-beans\6.1.11\spring-beans-6.1.11.jar;C:\Users\russi\.m2\repository\org\springframework\spring-expression\6.1.11\spring-expression-6.1.11.jar;C:\Users\russi\.m2\repository\io\micrometer\micrometer-observation\1.13.2\micrometer-observation-1.13.2.jar;C:\Users\russi\.m2\repository\io\micrometer\micrometer-commons\1.13.2\micrometer-commons-1.13.2.jar;C:\Users\russi\.m2\repository\org\springframework\boot\spring-boot-autoconfigure\3.3.2\spring-boot-autoconfigure-3.3.2.jar;C:\Users\russi\.m2\repository\org\springframework\boot\spring-boot-starter-logging\3.3.2\spring-boot-starter-logging-3.3.2.jar;C:\Users\russi\.m2\repository\ch\qos\logback\logback-classic\1.5.6\logback-classic-1.5.6.jar;C:\Users\russi\.m2\repository\ch\qos\logback\logback-core\1.5.6\logback-core-1.5.6.jar;C:\Users\russi\.m2\repository\org\apache\logging\log4j\log4j-to-slf4j\2.23.1\log4j-to-slf4j-2.23.1.jar;C:\Users\russi\.m2\repository\org\apache\logging\log4j\log4j-api\2.23.1\log4j-api-2.23.1.jar;C:\Users\russi\.m2\repository\org\slf4j\jul-to-slf4j\2.0.13\jul-to-slf4j-2.0.13.jar;C:\Users\russi\.m2\repository\jakarta\annotation\jakarta.annotation-api\2.1.1\jakarta.annotation-api-2.1.1.jar;C:\Users\russi\.m2\repository\org\springframework\spring-core\6.1.11\spring-core-6.1.11.jar;C:\Users\russi\.m2\repository\org\springframework\spring-jcl\6.1.11\spring-jcl-6.1.11.jar;C:\Users\russi\.m2\repository\org\yaml\snakeyaml\2.2\snakeyaml-2.2.jar;C:\Users\russi\.m2\repository\io\github\spair\imgui-java-binding\1.86.11\imgui-java-binding-1.86.11.jar;C:\Users\russi\.m2\repository\io\github\spair\imgui-java-natives-windows\1.86.11\imgui-java-natives-windows-1.86.11.jar;C:\Users\russi\.m2\repository\net\onedaybeard\artemis\artemis-odb\2.3.0\artemis-odb-2.3.0.jar;C:\Users\russi\.m2\repository\com\google\code\gson\gson\2.11.0\gson-2.11.0.jar;C:\Users\russi\.m2\repository\com\google\errorprone\error_prone_annotations\2.27.0\error_prone_annotations-2.27.0.jar;C:\Users\russi\.m2\repository\org\joml\joml\1.10.8\joml-1.10.8.jar;C:\Users\russi\.m2\repository\net\onedaybeard\artemis\artemis-odb-serializer\2.3.0\artemis-odb-serializer-2.3.0.jar;C:\Users\russi\.m2\repository\net\onedaybeard\artemis\artemis-odb-serializer-json-libgdx\2.3.0\artemis-odb-serializer-json-libgdx-2.3.0.jar;C:\Users\russi\.m2\repository\org\reflections\reflections\0.10.2\reflections-0.10.2.jar;C:\Users\russi\.m2\repository\org\javassist\javassist\3.28.0-GA\javassist-3.28.0-GA.jar;C:\Users\russi\.m2\repository\com\google\code\findbugs\jsr305\3.0.2\jsr305-3.0.2.jar;C:\Users\russi\.m2\repository\org\slf4j\slf4j-api\2.0.13\slf4j-api-2.0.13.jar;C:\Users\russi\.m2\repository\com\badlogicgames\gdx\gdx\1.12.1\gdx-1.12.1.jar;C:\Users\russi\.m2\repository\com\badlogicgames\gdx\gdx-jnigen-loader\2.3.1\gdx-jnigen-loader-2.3.1.jar;C:\Users\russi\.m2\repository\commons-codec\commons-codec\1.16.1\commons-codec-1.16.1.jar
Launcher Type: SUN_STANDARD

[Global flags]
     intx CICompilerCount                          = 4                                         {product} {ergonomic}
     uint ConcGCThreads                            = 3                                         {product} {ergonomic}
     uint G1ConcRefinementThreads                  = 10                                        {product} {ergonomic}
   size_t G1HeapRegionSize                         = 4194304                                   {product} {ergonomic}
   size_t InitialHeapSize                          = 536870912                                 {product} {ergonomic}
     bool ManagementServer                         = true                                      {product} {command line}
   size_t MarkStackSize                            = 4194304                                   {product} {ergonomic}
   size_t MaxHeapSize                              = 8568963072                                {product} {ergonomic}
   size_t MaxNewSize                               = 5138022400                                {product} {ergonomic}
   size_t MinHeapDeltaBytes                        = 4194304                                   {product} {ergonomic}
   size_t MinHeapSize                              = 8388608                                   {product} {ergonomic}
    uintx NonNMethodCodeHeapSize                   = 4096                                   {pd product} {ergonomic}
    uintx NonProfiledCodeHeapSize                  = 0                                      {pd product} {ergonomic}
     bool ProfileInterpreter                       = false                                  {pd product} {command line}
    uintx ProfiledCodeHeapSize                     = 0                                      {pd product} {ergonomic}
   size_t SoftMaxHeapSize                          = 8568963072                             {manageable} {ergonomic}
     intx TieredStopAtLevel                        = 1                                         {product} {command line}
     bool UseCompressedOops                        = true                           {product lp64_product} {ergonomic}
     bool UseG1GC                                  = true                                      {product} {ergonomic}
     bool UseLargePagesIndividualAllocation        = false                                  {pd product} {ergonomic}

Logging:
Log output configuration:
 #0: stdout all=warning uptime,level,tags foldmultilines=false
 #1: stderr all=off uptime,level,tags foldmultilines=false

Environment Variables:
PATH=C:\WINDOWS\system32;C:\WINDOWS;C:\WINDOWS\System32\Wbem;C:\WINDOWS\System32\WindowsPowerShell\v1.0\;C:\WINDOWS\System32\OpenSSH\;C:\Program Files (x86)\NVIDIA Corporation\PhysX\Common;C:\Program Files\NVIDIA Corporation\NVIDIA NvDLISR;C:\Program Files\nodejs\;C:\Program Files\Git\cmd;C:\Users\russi\AppData\Local\Microsoft\WindowsApps;;C:\Program Files\JetBrains\CLion 2023.2.2\bin;;C:\Program Files\JetBrains\WebStorm 2023.2.5\bin;;C:\Users\russi\AppData\Roaming\npm;C:\Users\russi\AppData\Local\Programs\Microsoft VS Code\bin;C:\Program Files\JetBrains\IntelliJ IDEA 2024.1.4\bin;
USERNAME=russi
OS=Windows_NT
PROCESSOR_IDENTIFIER=AMD64 Family 23 Model 113 Stepping 0, AuthenticAMD
TMP=C:\Users\russi\AppData\Local\Temp
TEMP=C:\Users\russi\AppData\Local\Temp




Periodic native trim disabled

---------------  S Y S T E M  ---------------

OS:
 Windows 11 , 64 bit Build 22621 (10.0.22621.2506)
OS uptime: 0 days 8:00 hours

CPU: total 12 (initial active 12) (12 cores per cpu, 2 threads per core) family 23 model 113 stepping 0 microcode 0x0, cx8, cmov, fxsr, ht, mmx, 3dnowpref, sse, sse2, sse3, ssse3, sse4a, sse4.1, sse4.2, popcnt, lzcnt, tsc, tscinvbit, avx, avx2, aes, clmul, bmi1, bmi2, adx, sha, fma, vzeroupper, clflush, clflushopt, rdtscp, rdpid, f16c
Processor Information for all 12 processors :
  Max Mhz: 3801, Current Mhz: 3801, Mhz Limit: 3801

Memory: 4k page, system-wide physical 32680M (20360M free)
TotalPageFile size 37544M (AvailPageFile size 22972M)
current process WorkingSet (physical memory assigned to process): 186M, peak: 186M
current process commit charge ("private bytes"): 302M, peak: 635M

vm_info: OpenJDK 64-Bit Server VM (22.0.2+9-70) for windows-amd64 JRE (22.0.2+9-70), built on 2024-06-04T16:52:23Z by "mach5one" with MS VC++ 17.6 (VS2022)

END.
